[INFO] [2018-03-26 17:17:11][org.springframework.beans.factory.xml.XmlBeanDefinitionReader]Loading XML bean definitions from class path resource [spring-mybatis.xml]
[INFO] [2018-03-26 17:17:11][org.springframework.context.support.GenericApplicationContext]Refreshing org.springframework.context.support.GenericApplicationContext@26f67b76: startup date [Mon Mar 26 17:17:11 AWST 2018]; root of context hierarchy
[INFO] [2018-03-26 17:17:11][org.springframework.beans.factory.config.PropertyPlaceholderConfigurer]Loading properties file from class path resource [jdbc.properties]
[INFO] [2018-03-26 17:17:11][org.springframework.beans.factory.annotation.AutowiredAnnotationBeanPostProcessor]JSR-330 'javax.inject.Inject' annotation found and supported for autowiring
[INFO] [2018-03-26 17:17:13][com.mine.ssm.test.TestMyBatis]{"age":24,"id":1,"password":"sfasgfaf","userName":"测试"}
[INFO] [2018-03-26 17:17:13][org.springframework.context.support.GenericApplicationContext]Closing org.springframework.context.support.GenericApplicationContext@26f67b76: startup date [Mon Mar 26 17:17:11 AWST 2018]; root of context hierarchy
[INFO] [2018-03-26 17:17:35][org.springframework.beans.factory.xml.XmlBeanDefinitionReader]Loading XML bean definitions from class path resource [spring-mybatis.xml]
[INFO] [2018-03-26 17:17:36][org.springframework.context.support.GenericApplicationContext]Refreshing org.springframework.context.support.GenericApplicationContext@26f67b76: startup date [Mon Mar 26 17:17:36 AWST 2018]; root of context hierarchy
[INFO] [2018-03-26 17:17:36][org.springframework.beans.factory.config.PropertyPlaceholderConfigurer]Loading properties file from class path resource [jdbc.properties]
[INFO] [2018-03-26 17:17:36][org.springframework.beans.factory.annotation.AutowiredAnnotationBeanPostProcessor]JSR-330 'javax.inject.Inject' annotation found and supported for autowiring
[INFO] [2018-03-26 17:17:37][com.mine.ssm.test.TestMyBatis]{"age":24,"id":1,"password":"sfasgfaf","userName":"测试"}
[INFO] [2018-03-26 17:17:37][org.springframework.context.support.GenericApplicationContext]Closing org.springframework.context.support.GenericApplicationContext@26f67b76: startup date [Mon Mar 26 17:17:36 AWST 2018]; root of context hierarchy
[INFO] [2018-03-26 17:18:04][org.springframework.beans.factory.xml.XmlBeanDefinitionReader]Loading XML bean definitions from class path resource [spring-mybatis.xml]
[INFO] [2018-03-26 17:18:04][org.springframework.context.support.GenericApplicationContext]Refreshing org.springframework.context.support.GenericApplicationContext@26f67b76: startup date [Mon Mar 26 17:18:04 AWST 2018]; root of context hierarchy
[INFO] [2018-03-26 17:18:04][org.springframework.beans.factory.config.PropertyPlaceholderConfigurer]Loading properties file from class path resource [jdbc.properties]
[INFO] [2018-03-26 17:18:04][org.springframework.beans.factory.annotation.AutowiredAnnotationBeanPostProcessor]JSR-330 'javax.inject.Inject' annotation found and supported for autowiring
[INFO] [2018-03-26 17:18:06][com.mine.ssm.test.TestMyBatis]{"age":24,"id":1,"password":"sfasgfaf","userName":"测试"}
[INFO] [2018-03-26 17:18:06][org.springframework.context.support.GenericApplicationContext]Closing org.springframework.context.support.GenericApplicationContext@26f67b76: startup date [Mon Mar 26 17:18:04 AWST 2018]; root of context hierarchy
[INFO] [2018-03-26 17:21:22][org.springframework.beans.factory.xml.XmlBeanDefinitionReader]Loading XML bean definitions from class path resource [spring-mybatis.xml]
[INFO] [2018-03-26 17:21:22][org.springframework.context.support.GenericApplicationContext]Refreshing org.springframework.context.support.GenericApplicationContext@26f67b76: startup date [Mon Mar 26 17:21:22 AWST 2018]; root of context hierarchy
[INFO] [2018-03-26 17:21:22][org.springframework.beans.factory.config.PropertyPlaceholderConfigurer]Loading properties file from class path resource [jdbc.properties]
[INFO] [2018-03-26 17:21:22][org.springframework.beans.factory.annotation.AutowiredAnnotationBeanPostProcessor]JSR-330 'javax.inject.Inject' annotation found and supported for autowiring
[INFO] [2018-03-26 17:21:24][com.mine.ssm.test.TestMyBatis]{"age":24,"id":1,"password":"sfasgfaf","userName":"测试"}
[INFO] [2018-03-26 17:21:24][org.springframework.context.support.GenericApplicationContext]Closing org.springframework.context.support.GenericApplicationContext@26f67b76: startup date [Mon Mar 26 17:21:22 AWST 2018]; root of context hierarchy
[INFO] [2018-03-26 17:23:23][org.springframework.beans.factory.xml.XmlBeanDefinitionReader]Loading XML bean definitions from class path resource [spring-mybatis.xml]
[INFO] [2018-03-26 17:23:24][org.springframework.context.support.GenericApplicationContext]Refreshing org.springframework.context.support.GenericApplicationContext@26f67b76: startup date [Mon Mar 26 17:23:24 AWST 2018]; root of context hierarchy
[INFO] [2018-03-26 17:23:24][org.springframework.beans.factory.config.PropertyPlaceholderConfigurer]Loading properties file from class path resource [jdbc.properties]
[INFO] [2018-03-26 17:23:24][org.springframework.beans.factory.annotation.AutowiredAnnotationBeanPostProcessor]JSR-330 'javax.inject.Inject' annotation found and supported for autowiring
[INFO] [2018-03-26 17:23:26][com.mine.ssm.test.TestMyBatis]{"age":24,"id":1,"password":"sfasgfaf","userName":"测试"}
[INFO] [2018-03-26 17:23:26][org.springframework.context.support.GenericApplicationContext]Closing org.springframework.context.support.GenericApplicationContext@26f67b76: startup date [Mon Mar 26 17:23:24 AWST 2018]; root of context hierarchy
[INFO] [2018-03-26 17:23:36][org.springframework.beans.factory.xml.XmlBeanDefinitionReader]Loading XML bean definitions from class path resource [spring-mybatis.xml]
[INFO] [2018-03-26 17:23:37][org.springframework.context.support.GenericApplicationContext]Refreshing org.springframework.context.support.GenericApplicationContext@26f67b76: startup date [Mon Mar 26 17:23:37 AWST 2018]; root of context hierarchy
[INFO] [2018-03-26 17:23:37][org.springframework.beans.factory.config.PropertyPlaceholderConfigurer]Loading properties file from class path resource [jdbc.properties]
[INFO] [2018-03-26 17:23:37][org.springframework.beans.factory.annotation.AutowiredAnnotationBeanPostProcessor]JSR-330 'javax.inject.Inject' annotation found and supported for autowiring
[INFO] [2018-03-26 17:23:39][com.mine.ssm.test.TestMyBatis]{"age":24,"id":1,"password":"sfasgfaf","userName":"测试"}
[INFO] [2018-03-26 17:23:39][org.springframework.context.support.GenericApplicationContext]Closing org.springframework.context.support.GenericApplicationContext@26f67b76: startup date [Mon Mar 26 17:23:37 AWST 2018]; root of context hierarchy
[INFO] [2018-03-26 17:26:33][org.springframework.beans.factory.xml.XmlBeanDefinitionReader]Loading XML bean definitions from class path resource [spring-mybatis.xml]
[INFO] [2018-03-26 17:26:34][org.springframework.context.support.GenericApplicationContext]Refreshing org.springframework.context.support.GenericApplicationContext@26f67b76: startup date [Mon Mar 26 17:26:34 AWST 2018]; root of context hierarchy
[INFO] [2018-03-26 17:26:34][org.springframework.beans.factory.config.PropertyPlaceholderConfigurer]Loading properties file from class path resource [jdbc.properties]
[INFO] [2018-03-26 17:26:34][org.springframework.beans.factory.annotation.AutowiredAnnotationBeanPostProcessor]JSR-330 'javax.inject.Inject' annotation found and supported for autowiring
[INFO] [2018-03-26 17:26:35][com.mine.ssm.test.TestMyBatis]{"age":24,"id":1,"password":"sfasgfaf","userName":"测试"}
[INFO] [2018-03-26 17:26:35][org.springframework.context.support.GenericApplicationContext]Closing org.springframework.context.support.GenericApplicationContext@26f67b76: startup date [Mon Mar 26 17:26:34 AWST 2018]; root of context hierarchy
[INFO] [2018-03-26 17:29:01][org.springframework.beans.factory.xml.XmlBeanDefinitionReader]Loading XML bean definitions from class path resource [spring-mybatis.xml]
[INFO] [2018-03-26 17:29:02][org.springframework.context.support.GenericApplicationContext]Refreshing org.springframework.context.support.GenericApplicationContext@26f67b76: startup date [Mon Mar 26 17:29:02 AWST 2018]; root of context hierarchy
[INFO] [2018-03-26 17:29:02][org.springframework.beans.factory.config.PropertyPlaceholderConfigurer]Loading properties file from class path resource [jdbc.properties]
[INFO] [2018-03-26 17:29:02][org.springframework.beans.factory.annotation.AutowiredAnnotationBeanPostProcessor]JSR-330 'javax.inject.Inject' annotation found and supported for autowiring
[INFO] [2018-03-26 17:29:03][com.mine.ssm.test.TestMyBatis]{"age":24,"id":1,"password":"sfasgfaf","userName":"测试"}
[INFO] [2018-03-26 17:29:03][org.springframework.context.support.GenericApplicationContext]Closing org.springframework.context.support.GenericApplicationContext@26f67b76: startup date [Mon Mar 26 17:29:02 AWST 2018]; root of context hierarchy
